SCCP on function '__cxx_global_var_init'
Marking Block Executable: entry

Popped off BBWL: 
entry:
  call void @_ZNSt8ios_base4InitC1Ev(%"class.std::ios_base::Init"* nonnull align 1 dereferenceable(1) @_ZStL8__ioinit)
  %i = call i32 @__cxa_atexit(void (i8*)* bitcast (void (%"class.std::ios_base::Init"*)* @_ZNSt8ios_base4InitD1Ev to void (i8*)*), i8* getelementptr inbounds (%"class.std::ios_base::Init", %"class.std::ios_base::Init"* @_ZStL8__ioinit, i32 0, i32 0), i8* @__dso_handle) #3
  ret void

Merged overdefined into   %i = call i32 @__cxa_atexit(void (i8*)* bitcast (void (%"class.std::ios_base::Init"*)* @_ZNSt8ios_base4InitD1Ev to void (i8*)*), i8* getelementptr inbounds (%"class.std::ios_base::Init", %"class.std::ios_base::Init"* @_ZStL8__ioinit, i32 0, i32 0), i8* @__dso_handle) #3 : overdefined

Popped off OI-WL:   %i = call i32 @__cxa_atexit(void (i8*)* bitcast (void (%"class.std::ios_base::Init"*)* @_ZNSt8ios_base4InitD1Ev to void (i8*)*), i8* getelementptr inbounds (%"class.std::ios_base::Init", %"class.std::ios_base::Init"* @_ZStL8__ioinit, i32 0, i32 0), i8* @__dso_handle) #3
RESOLVING UNDEFs
SCCP on function 'main'
Marking Block Executable: entry

Popped off BBWL: 
entry:
  switch i32 undef, label %sw.default [
    i32 2, label %sw.bb
    i32 4, label %sw.bb1
  ]

RESOLVING UNDEFs
Marking Block Executable: sw.bb

Popped off BBWL: 
sw.bb:                                            ; preds = %entry
  br label %label_3

Marking Block Executable: label_3

Popped off BBWL: 
label_3:                                          ; preds = %sw.bb
  br label %label_7

Marking Block Executable: label_7

Popped off BBWL: 
label_7:                                          ; preds = %label_4, %label_3, %sw.default
  %e.0 = phi i32 [ 0, %sw.default ], [ 90, %label_4 ], [ 90, %label_3 ]
  %tau = call i32 (...) @llvm.tau.i32(i32 %e.0, i32 90)
  %add = add nsw i32 %tau, 70
  br label %end

Merged constantrange<90, 91> into   %e.0 = phi i32 [ 0, %sw.default ], [ 90, %label_4 ], [ 90, %label_3 ] : constantrange<90, 91>
Merged overdefined into   %tau = call i32 (...) @llvm.tau.i32(i32 %e.0, i32 90) : overdefined
Merged overdefined into   %add = add nsw i32 %tau, 70 : overdefined
Marking Block Executable: end

Popped off BBWL: 
end:                                              ; preds = %label_7
  %cmp = icmp sge i32 %add, 100
  br i1 %cmp, label %if.then, label %if.else

markOverdefined:   %cmp = icmp sge i32 %add, 100
Marking Block Executable: if.then
Marking Block Executable: if.else

Popped off BBWL: 
if.else:                                          ; preds = %end
  %sub = sub nsw i32 1000, 888
  br label %if.end

Merged constantrange<112, 113> into   %sub = sub nsw i32 1000, 888 : constantrange<112, 113>
Marking Block Executable: if.end

Popped off BBWL: 
if.end:                                           ; preds = %if.else, %if.then
  %tau1 = call i32 (...) @llvm.tau.i32(i32 %tau, i32 90)
  ret i32 0

Merged overdefined into   %tau1 = call i32 (...) @llvm.tau.i32(i32 %tau, i32 90) : overdefined

Popped off BBWL: 
if.then:                                          ; preds = %end
  %add2 = add nsw i32 1000, 777
  br label %if.end

Merged constantrange<1777, 1778> into   %add2 = add nsw i32 1000, 777 : constantrange<1777, 1778>
Marking Edge Executable: if.then -> if.end

Popped off OI-WL:   %tau1 = call i32 (...) @llvm.tau.i32(i32 %tau, i32 90)

Popped off OI-WL:   %cmp = icmp sge i32 %add, 100

Popped off OI-WL:   %add = add nsw i32 %tau, 70

Popped off OI-WL:   %tau = call i32 (...) @llvm.tau.i32(i32 %e.0, i32 90)

Popped off I-WL:   %add2 = add nsw i32 1000, 777

Popped off I-WL:   %sub = sub nsw i32 1000, 888

Popped off I-WL:   %e.0 = phi i32 [ 0, %sw.default ], [ 90, %label_4 ], [ 90, %label_3 ]
RESOLVING UNDEFs
  BasicBlock Dead:
sw.bb1:                                           ; preds = %entry
  br label %label_4
  BasicBlock Dead:
sw.default:                                       ; preds = %entry
  br label %label_7
  BasicBlock Dead:
label_4:                                          ; preds = %sw.bb1
  br label %label_7
  Constant: i32 90 =   %e.0 = phi i32 [ 0, %sw.default ], [ 90, %label_4 ], [ 90, %label_3 ]
  Constant: i32 1777 =   %add2 = add nsw i32 1000, 777
  Constant: i32 112 =   %sub = sub nsw i32 1000, 888
SCCP on function '_GLOBAL__sub_I_test.cpp'
Marking Block Executable: entry

Popped off BBWL: 
entry:
  call void @__cxx_global_var_init()
  ret void

RESOLVING UNDEFs
===-------------------------------------------------------------------------===
                      ... Pass execution timing report ...
===-------------------------------------------------------------------------===
  Total Execution Time: 0.0069 seconds (0.0082 wall clock)

   ---User Time---   --System Time--   --User+System--   ---Wall Time---  --- Name ---
   0.0013 ( 63.7%)   0.0036 ( 74.3%)   0.0049 ( 71.1%)   0.0062 ( 75.7%)  SCCPPass
   0.0004 ( 17.5%)   0.0004 (  7.7%)   0.0007 ( 10.6%)   0.0007 (  8.9%)  VerifierPass
   0.0003 ( 16.5%)   0.0004 (  7.3%)   0.0007 ( 10.1%)   0.0007 (  8.5%)  VerifierAnalysis
   0.0000 (  0.0%)   0.0005 (  9.8%)   0.0005 (  6.8%)   0.0005 (  5.8%)  PrintModulePass
   0.0000 (  1.8%)   0.0000 (  0.6%)   0.0001 (  1.0%)   0.0001 (  0.8%)  PreservedCFGCheckerAnalysis
   0.0000 (  0.6%)   0.0000 (  0.3%)   0.0000 (  0.4%)   0.0000 (  0.3%)  TargetLibraryAnalysis
   0.0021 (100.0%)   0.0048 (100.0%)   0.0069 (100.0%)   0.0082 (100.0%)  Total

===-------------------------------------------------------------------------===
                                LLVM IR Parsing
===-------------------------------------------------------------------------===
  Total Execution Time: 0.0026 seconds (0.0026 wall clock)

   ---User Time---   --User+System--   ---Wall Time---  --- Name ---
   0.0026 (100.0%)   0.0026 (100.0%)   0.0026 (100.0%)  Parse IR
   0.0026 (100.0%)   0.0026 (100.0%)   0.0026 (100.0%)  Total

