Caloric Connector and BuddySet Information
entry: if.else30 is a Caloric Connector
if.end27 is a Caloric Connector
new_label is a Caloric Connector
===-------------------------------------------------------------------------===
                      ... Pass execution timing report ...
===-------------------------------------------------------------------------===
  Total Execution Time: 0.0008 seconds (0.0008 wall clock)

   ---User Time---   --User+System--   ---Wall Time---  --- Name ---
   0.0003 ( 34.8%)   0.0003 ( 34.8%)   0.0003 ( 34.8%)  HPSSAPass
   0.0002 ( 27.1%)   0.0002 ( 27.1%)   0.0002 ( 27.1%)  PrintModulePass
   0.0001 ( 18.2%)   0.0001 ( 18.2%)   0.0001 ( 18.3%)  VerifierPass
   0.0001 ( 17.3%)   0.0001 ( 17.3%)   0.0001 ( 17.3%)  VerifierAnalysis
   0.0000 (  1.4%)   0.0000 (  1.4%)   0.0000 (  1.3%)  PreservedCFGCheckerAnalysis
   0.0000 (  1.3%)   0.0000 (  1.3%)   0.0000 (  1.1%)  DominatorTreeAnalysis
   0.0008 (100.0%)   0.0008 (100.0%)   0.0008 (100.0%)  Total

===-------------------------------------------------------------------------===
                                LLVM IR Parsing
===-------------------------------------------------------------------------===
  Total Execution Time: 0.0005 seconds (0.0005 wall clock)

   ---User Time---   --User+System--   ---Wall Time---  --- Name ---
   0.0005 (100.0%)   0.0005 (100.0%)   0.0005 (100.0%)  Parse IR
   0.0005 (100.0%)   0.0005 (100.0%)   0.0005 (100.0%)  Total

