----------===Caloric Connector and BuddySet Information===----------
entry: {1 } 
sw.bb1: { 1 } 
label_4: { 1 } 
sw.bb: 
label_3: 
sw.default: 
label_7 is a Caloric Connector
label_7: { 1 } 
end: { 1 } 
if.else: { 1 } 
if.then: 
if.end is a Caloric Connector
if.end: { 1 } 
----------===Initiating Tau Insertion Algroithm===----------
Inserted Tau at : label_7
Inserted Tau at : if.end
-- BB: entry
---- I: ---- attempt to renaming uses in I
------ Not a phi instruction
------ Not a tau instruction
------ Succesor Logic
-------- Succ: sw.default
-------- Succ: sw.bb
-------- Succ: sw.bb1
------ Recurse over Child 
-------- Parent: entry | Child: sw.default
-- BB: sw.default
---- I: ---- attempt to renaming uses in I
------ Not a phi instruction
------ Not a tau instruction
------ Succesor Logic
-------- Succ: label_7
---------- phi: e.0
---------- V: 
---------- Not a phi operand
---------- Not a tau operand
------ Recurse over Child 
------ Remove definitions if needed
-------- Parent: entry | Child: label_7
-- BB: label_7
---- I: ---- attempt to renaming uses in I
------ a phi instruction
------ Not a tau instruction
---- I: ---- attempt to renaming uses in I
------ phi: e.0
------ e.0
------ mrd: e.0
------ Not a phi instruction
------ a tau instruction
---- I: ---- attempt to renaming uses in I
------ phi: e.0
------ tau
------ mrd: tau
------ Not a phi instruction
------ Not a tau instruction
---- I: ---- attempt to renaming uses in I
------ phi: e.0
------ tau
------ mrd: tau
------ Not a phi instruction
------ Not a tau instruction
------ Succesor Logic
-------- Succ: end
------ Recurse over Child 
-------- Parent: label_7 | Child: end
-- BB: end
---- I: ---- attempt to renaming uses in I
------ phi: e.0
------ tau
------ mrd: tau
------ Not a phi instruction
------ Not a tau instruction
---- I: ---- attempt to renaming uses in I
------ phi: e.0
------ tau
------ mrd: tau
------ Not a phi instruction
------ Not a tau instruction
------ Succesor Logic
-------- Succ: if.then
-------- Succ: if.else
------ Recurse over Child 
-------- Parent: end | Child: if.then
-- BB: if.then
---- I: ---- attempt to renaming uses in I
------ phi: e.0
------ tau
------ mrd: tau
------ Not a phi instruction
------ Not a tau instruction
---- I: ---- attempt to renaming uses in I
------ phi: e.0
------ tau
------ mrd: tau
------ Not a phi instruction
------ Not a tau instruction
------ Succesor Logic
-------- Succ: if.end
------ Recurse over Child 
------ Remove definitions if needed
-------- phi: e.0 mrd: tau
---------- mrd not changed
-------- Parent: end | Child: if.end
-- BB: if.end
---- I: ---- attempt to renaming uses in I
------ phi: e.0
------ tau
------ mrd: tau
------ Not a phi instruction
------ a tau instruction
---- I: ---- attempt to renaming uses in I
------ phi: e.0
------ tau1
------ mrd: tau1
------ Not a phi instruction
------ Not a tau instruction
------ Succesor Logic
------ Recurse over Child 
------ Remove definitions if needed
-------- phi: e.0 mrd: tau1
---------- mrd changed
-------- Parent: end | Child: if.else
-- BB: if.else
---- I: ---- attempt to renaming uses in I
------ phi: e.0
------ tau
------ mrd: tau
------ Not a phi instruction
------ Not a tau instruction
---- I: ---- attempt to renaming uses in I
------ phi: e.0
------ tau
------ mrd: tau
------ Not a phi instruction
------ Not a tau instruction
------ Succesor Logic
-------- Succ: if.end
------ Recurse over Child 
------ Remove definitions if needed
-------- phi: e.0 mrd: tau
---------- mrd not changed
------ Remove definitions if needed
-------- phi: e.0 mrd: tau
---------- mrd not changed
------ Remove definitions if needed
-------- phi: e.0 mrd: tau
---------- mrd changed
-------- Parent: entry | Child: sw.bb
-- BB: sw.bb
---- I: ---- attempt to renaming uses in I
------ phi: e.0
------ e.0
------ mrd: e.0
------ Not a phi instruction
------ Not a tau instruction
------ Succesor Logic
-------- Succ: label_3
------ Recurse over Child 
-------- Parent: sw.bb | Child: label_3
-- BB: label_3
---- I: ---- attempt to renaming uses in I
------ phi: e.0
------ e.0
------ mrd: e.0
------ Not a phi instruction
------ Not a tau instruction
------ Succesor Logic
-------- Succ: label_7
---------- phi: e.0
---------- V: 
---------- Not a phi operand
---------- Not a tau operand
------ Recurse over Child 
------ Remove definitions if needed
-------- phi: e.0 mrd: e.0
---------- mrd not changed
------ Remove definitions if needed
-------- phi: e.0 mrd: e.0
---------- mrd not changed
-------- Parent: entry | Child: sw.bb1
-- BB: sw.bb1
---- I: ---- attempt to renaming uses in I
------ phi: e.0
------ e.0
------ mrd: e.0
------ Not a phi instruction
------ Not a tau instruction
------ Succesor Logic
-------- Succ: label_4
------ Recurse over Child 
-------- Parent: sw.bb1 | Child: label_4
-- BB: label_4
---- I: ---- attempt to renaming uses in I
------ phi: e.0
------ e.0
------ mrd: e.0
------ Not a phi instruction
------ Not a tau instruction
------ Succesor Logic
-------- Succ: label_7
---------- phi: e.0
---------- V: 
---------- Not a phi operand
---------- Not a tau operand
------ Recurse over Child 
------ Remove definitions if needed
-------- phi: e.0 mrd: e.0
---------- mrd not changed
------ Remove definitions if needed
-------- phi: e.0 mrd: e.0
---------- mrd not changed
------ Remove definitions if needed
-------- phi: e.0 mrd: e.0
---------- mrd not changed
===-------------------------------------------------------------------------===
                      ... Pass execution timing report ...
===-------------------------------------------------------------------------===
  Total Execution Time: 0.0095 seconds (0.0349 wall clock)

   ---User Time---   --System Time--   --User+System--   ---Wall Time---  --- Name ---
   0.0026 ( 54.5%)   0.0044 ( 92.1%)   0.0070 ( 73.2%)   0.0323 ( 92.7%)  HPSSAPass
   0.0008 ( 17.7%)   0.0001 (  2.5%)   0.0010 ( 10.1%)   0.0010 (  2.8%)  VerifierPass
   0.0008 ( 16.9%)   0.0001 (  2.4%)   0.0009 (  9.7%)   0.0009 (  2.7%)  VerifierAnalysis
   0.0004 (  8.5%)   0.0001 (  2.9%)   0.0005 (  5.7%)   0.0005 (  1.6%)  PrintModulePass
   0.0001 (  1.3%)   0.0000 (  0.1%)   0.0001 (  0.7%)   0.0001 (  0.2%)  PreservedCFGCheckerAnalysis
   0.0000 (  1.0%)   0.0000 (  0.0%)   0.0000 (  0.5%)   0.0001 (  0.1%)  DominatorTreeAnalysis
   0.0048 (100.0%)   0.0047 (100.0%)   0.0095 (100.0%)   0.0349 (100.0%)  Total

===-------------------------------------------------------------------------===
                                LLVM IR Parsing
===-------------------------------------------------------------------------===
  Total Execution Time: 0.0029 seconds (0.0040 wall clock)

   ---User Time---   --User+System--   ---Wall Time---  --- Name ---
   0.0029 (100.0%)   0.0029 (100.0%)   0.0040 (100.0%)  Parse IR
   0.0029 (100.0%)   0.0029 (100.0%)   0.0040 (100.0%)  Total

