===-------------------------------------------------------------------------===
Caloric Connector and BuddySet Information:
===-------------------------------------------------------------------------===
entry: {1 1 } 
if.then: { 1 1 } 
if.else: 
if.end is a Caloric Connector
if.end: { 1 1 } 
if.else10: { 1 1 } 
if.then12: { 0 1 } 
if.end17: 
if.then19: 
if.else22: 
if.end27: 
if.else30: { 1 0 } 
if.then34: { 1 0 } 
if.else37: 
new_label is a Caloric Connector
new_label: { 1 0 } { 0 1 } 
end_label is a Caloric Connector
end_label: { 1 0 } { 0 1 } 
===-------------------------------------------------------------------------===
Initiating Tau Insertion Algroithm
===-------------------------------------------------------------------------===
Inserted Tau at : if.end
Inserted Tau at : new_label
Inserted Tau at : end_label
===-------------------------------------------------------------------------===
                      ... Pass execution timing report ...
===-------------------------------------------------------------------------===
  Total Execution Time: 0.0039 seconds (0.0044 wall clock)

   ---User Time---   --User+System--   ---Wall Time---  --- Name ---
   0.0017 ( 42.8%)   0.0017 ( 42.8%)   0.0017 ( 37.8%)  PrintModulePass
   0.0008 ( 19.8%)   0.0008 ( 19.8%)   0.0013 ( 29.3%)  HPSSAPass
   0.0007 ( 18.5%)   0.0007 ( 18.5%)   0.0007 ( 16.3%)  VerifierPass
   0.0007 ( 18.2%)   0.0007 ( 18.2%)   0.0007 ( 16.0%)  VerifierAnalysis
   0.0000 (  0.3%)   0.0000 (  0.3%)   0.0000 (  0.3%)  PreservedCFGCheckerAnalysis
   0.0000 (  0.3%)   0.0000 (  0.3%)   0.0000 (  0.3%)  DominatorTreeAnalysis
   0.0039 (100.0%)   0.0039 (100.0%)   0.0044 (100.0%)  Total

===-------------------------------------------------------------------------===
                                LLVM IR Parsing
===-------------------------------------------------------------------------===
  Total Execution Time: 0.0060 seconds (0.0061 wall clock)

   ---User Time---   --User+System--   ---Wall Time---  --- Name ---
   0.0060 (100.0%)   0.0060 (100.0%)   0.0061 (100.0%)  Parse IR
   0.0060 (100.0%)   0.0060 (100.0%)   0.0061 (100.0%)  Total

