Tau to be removed : llvm.tau.i32	
Replacing variable tau8 with x.0.
Tau to be removed : llvm.tau.i32	
Replacing variable tau9 with n.0.
Tau to be removed : llvm.tau.i32	
Replacing variable tau with x.0.
Tau to be removed : llvm.tau.i32	
Replacing variable tau10 with n.0.
Tau to be removed : llvm.tau.i32	
Replacing variable tau11 with x.0.
Tau to be removed : llvm.tau.i32	
Replacing variable tau12 with n.0.
===-------------------------------------------------------------------------===
                      ... Pass execution timing report ...
===-------------------------------------------------------------------------===
  Total Execution Time: 0.0011 seconds (0.0011 wall clock)

   ---User Time---   --User+System--   ---Wall Time---  --- Name ---
   0.0004 ( 33.7%)   0.0004 ( 33.7%)   0.0004 ( 33.8%)  TDSTRPass
   0.0003 ( 28.8%)   0.0003 ( 28.8%)   0.0003 ( 28.8%)  PrintModulePass
   0.0002 ( 18.4%)   0.0002 ( 18.4%)   0.0002 ( 18.4%)  VerifierPass
   0.0002 ( 17.1%)   0.0002 ( 17.1%)   0.0002 ( 17.1%)  VerifierAnalysis
   0.0000 (  2.0%)   0.0000 (  2.0%)   0.0000 (  1.9%)  PreservedCFGCheckerAnalysis
   0.0011 (100.0%)   0.0011 (100.0%)   0.0011 (100.0%)  Total

===-------------------------------------------------------------------------===
                                LLVM IR Parsing
===-------------------------------------------------------------------------===
  Total Execution Time: 0.0012 seconds (0.0012 wall clock)

   ---User Time---   --User+System--   ---Wall Time---  --- Name ---
   0.0012 (100.0%)   0.0012 (100.0%)   0.0012 (100.0%)  Parse IR
   0.0012 (100.0%)   0.0012 (100.0%)   0.0012 (100.0%)  Total

