i32 1
i32 2
i32 1
i32 2
===-------------------------------------------------------------------------===
                      ... Pass execution timing report ...
===-------------------------------------------------------------------------===
  Total Execution Time: 0.0009 seconds (0.0009 wall clock)

   ---User Time---   --User+System--   ---Wall Time---  --- Name ---
   0.0003 ( 30.0%)   0.0003 ( 30.0%)   0.0003 ( 30.1%)  PrintModulePass
   0.0002 ( 23.4%)   0.0002 ( 23.4%)   0.0002 ( 23.6%)  VerifierPass
   0.0002 ( 22.2%)   0.0002 ( 22.2%)   0.0002 ( 22.2%)  VerifierAnalysis
   0.0002 ( 20.8%)   0.0002 ( 20.8%)   0.0002 ( 20.8%)  TConditionalPass
   0.0000 (  1.7%)   0.0000 (  1.7%)   0.0000 (  1.7%)  DominatorTreeAnalysis
   0.0000 (  1.7%)   0.0000 (  1.7%)   0.0000 (  1.6%)  PreservedCFGCheckerAnalysis
   0.0009 (100.0%)   0.0009 (100.0%)   0.0009 (100.0%)  Total

While deleting: i32 %
Use still stuck around after Def is destroyed:  %storemerge48.hpssa = phi i32 [ 1, <badref> ], [ 2, <badref> ]
Use still stuck around after Def is destroyed:  %storemerge.hpssa = phi i32 [ 1, <badref> ], [ 2, <badref> ]
opt: /home/muzzammil/HPSSA/llvm-project/llvm/lib/IR/Value.cpp:103: llvm::Value::~Value(): Assertion `materialized_use_empty() && "Uses remain when a value is destroyed!"' failed.
PLEASE submit a bug report to https://bugs.llvm.org/ and include the crash backtrace.
Stack dump:
0.	Program arguments: /home/muzzammil/HPSSA/llvm-project/build/bin/opt -load-pass-plugin=build/TConditional.cpp.so -passes=tcond -time-passes IR/LL/test_hpssa.ll -S -o IR/LL/test_tcond.ll -f
 #0 0x0000563e65a3fff4 PrintStackTraceSignalHandler(void*) Signals.cpp:0:0
 #1 0x0000563e65a3d7ae SignalHandler(int) Signals.cpp:0:0
 #2 0x00007fbae22123c0 __restore_rt (/lib/x86_64-linux-gnu/libpthread.so.0+0x153c0)
 #3 0x00007fbae1cff18b raise /build/glibc-eX1tMB/glibc-2.31/signal/../sysdeps/unix/sysv/linux/raise.c:51:1
 #4 0x00007fbae1cde859 abort /build/glibc-eX1tMB/glibc-2.31/stdlib/abort.c:81:7
 #5 0x00007fbae1cde729 get_sysdep_segment_value /build/glibc-eX1tMB/glibc-2.31/intl/loadmsgcat.c:509:8
 #6 0x00007fbae1cde729 _nl_load_domain /build/glibc-eX1tMB/glibc-2.31/intl/loadmsgcat.c:970:34
 #7 0x00007fbae1ceff36 (/lib/x86_64-linux-gnu/libc.so.6+0x36f36)
 #8 0x0000563e651719f0 llvm::Value::~Value() (/home/muzzammil/HPSSA/llvm-project/build/bin/opt+0x13679f0)
 #9 0x0000563e650e5905 llvm::DenseMapBase<llvm::DenseMap<llvm::APInt, std::unique_ptr<llvm::ConstantInt, std::default_delete<llvm::ConstantInt> >, llvm::DenseMapInfo<llvm::APInt>, llvm::detail::DenseMapPair<llvm::APInt, std::unique_ptr<llvm::ConstantInt, std::default_delete<llvm::ConstantInt> > > >, llvm::APInt, std::unique_ptr<llvm::ConstantInt, std::default_delete<llvm::ConstantInt> >, llvm::DenseMapInfo<llvm::APInt>, llvm::detail::DenseMapPair<llvm::APInt, std::unique_ptr<llvm::ConstantInt, std::default_delete<llvm::ConstantInt> > > >::clear() (/home/muzzammil/HPSSA/llvm-project/build/bin/opt+0x12db905)
#10 0x0000563e650f0155 llvm::LLVMContextImpl::~LLVMContextImpl() (/home/muzzammil/HPSSA/llvm-project/build/bin/opt+0x12e6155)
#11 0x0000563e650e1795 llvm::LLVMContext::~LLVMContext() (/home/muzzammil/HPSSA/llvm-project/build/bin/opt+0x12d7795)
#12 0x0000563e642a1e3f main (/home/muzzammil/HPSSA/llvm-project/build/bin/opt+0x497e3f)
#13 0x00007fbae1ce00b3 __libc_start_main /build/glibc-eX1tMB/glibc-2.31/csu/../csu/libc-start.c:342:3
#14 0x0000563e64314afe _start (/home/muzzammil/HPSSA/llvm-project/build/bin/opt+0x50aafe)
Aborted (core dumped)
