SCCP on function '__cxx_global_var_init'
Marking Block Executable: entry

Popped off BBWL: 
entry:
  call void @_ZNSt8ios_base4InitC1Ev(%"class.std::ios_base::Init"* nonnull align 1 dereferenceable(1) @_ZStL8__ioinit)
  %i = call i32 @__cxa_atexit(void (i8*)* bitcast (void (%"class.std::ios_base::Init"*)* @_ZNSt8ios_base4InitD1Ev to void (i8*)*), i8* getelementptr inbounds (%"class.std::ios_base::Init", %"class.std::ios_base::Init"* @_ZStL8__ioinit, i32 0, i32 0), i8* @__dso_handle) #3
  ret void

Merged overdefined into   %i = call i32 @__cxa_atexit(void (i8*)* bitcast (void (%"class.std::ios_base::Init"*)* @_ZNSt8ios_base4InitD1Ev to void (i8*)*), i8* getelementptr inbounds (%"class.std::ios_base::Init", %"class.std::ios_base::Init"* @_ZStL8__ioinit, i32 0, i32 0), i8* @__dso_handle) #3 : overdefined

Popped off OI-WL:   %i = call i32 @__cxa_atexit(void (i8*)* bitcast (void (%"class.std::ios_base::Init"*)* @_ZNSt8ios_base4InitD1Ev to void (i8*)*), i8* getelementptr inbounds (%"class.std::ios_base::Init", %"class.std::ios_base::Init"* @_ZStL8__ioinit, i32 0, i32 0), i8* @__dso_handle) #3
RESOLVING UNDEFs
SCCP on function 'main'
Marking Block Executable: entry

Popped off BBWL: 
entry:
  switch i32 undef, label %sw.default [
    i32 2, label %sw.bb
    i32 4, label %sw.bb1
  ]

RESOLVING UNDEFs
Marking Block Executable: sw.bb

Popped off BBWL: 
sw.bb:                                            ; preds = %entry
  br label %label_3

Marking Block Executable: label_3

Popped off BBWL: 
label_3:                                          ; preds = %sw.bb
  %mul = mul nsw i32 10, 10
  br label %end

Merged constantrange<100, 101> into   %mul = mul nsw i32 10, 10 : constantrange<100, 101>
Marking Block Executable: end

Popped off BBWL: 
end:                                              ; preds = %label_5, %label_4, %label_3
  %e.0 = phi i32 [ %add, %label_5 ], [ %mul2, %label_4 ], [ %mul, %label_3 ]
  %add4 = add nsw i32 1000, %e.0
  %add5 = add nsw i32 %add4, 100
  %cmp = icmp sge i32 %add5, 100
  br i1 %cmp, label %if.then, label %if.else

Merged constantrange<100, 101> into   %e.0 = phi i32 [ %add, %label_5 ], [ %mul2, %label_4 ], [ %mul, %label_3 ] : constantrange<100, 101>
Merged constantrange<1100, 1101> into   %add4 = add nsw i32 1000, %e.0 : constantrange<1100, 1101>
Merged constantrange<1200, 1201> into   %add5 = add nsw i32 %add4, 100 : constantrange<1200, 1201>
Merged constantrange<-1, 0> into   %cmp = icmp sge i32 %add5, 100 : constantrange<-1, 0>
Marking Block Executable: if.then

Popped off BBWL: 
if.then:                                          ; preds = %end
  %add6 = add nsw i32 %e.0, 779
  br label %if.end

Merged constantrange<879, 880> into   %add6 = add nsw i32 %e.0, 779 : constantrange<879, 880>
Marking Block Executable: if.end

Popped off BBWL: 
if.end:                                           ; preds = %if.else, %if.then
  %a.0 = phi i32 [ %add6, %if.then ], [ %add7, %if.else ]
  %add8 = add nsw i32 %a.0, 1
  ret i32 0

Merged constantrange<879, 880> into   %a.0 = phi i32 [ %add6, %if.then ], [ %add7, %if.else ] : constantrange<879, 880>
Merged constantrange<880, 881> into   %add8 = add nsw i32 %a.0, 1 : constantrange<880, 881>

Popped off I-WL:   %add8 = add nsw i32 %a.0, 1

Popped off I-WL:   %a.0 = phi i32 [ %add6, %if.then ], [ %add7, %if.else ]

Popped off I-WL:   %add6 = add nsw i32 %e.0, 779

Popped off I-WL:   %cmp = icmp sge i32 %add5, 100

Popped off I-WL:   %add5 = add nsw i32 %add4, 100

Popped off I-WL:   %add4 = add nsw i32 1000, %e.0

Popped off I-WL:   %e.0 = phi i32 [ %add, %label_5 ], [ %mul2, %label_4 ], [ %mul, %label_3 ]

Popped off I-WL:   %mul = mul nsw i32 10, 10
RESOLVING UNDEFs
  BasicBlock Dead:
sw.bb1:                                           ; preds = %entry
  br label %label_4
  BasicBlock Dead:
sw.default:                                       ; preds = %entry
  br label %label_5
  Constant: i32 100 =   %mul = mul nsw i32 10, 10
  BasicBlock Dead:
label_4:                                          ; preds = %sw.bb1
  %mul2 = mul nsw i32 10, 10
  br label %end
  BasicBlock Dead:
label_5:                                          ; preds = %sw.default
  %sub = sub nsw i32 10, 1
  %mul3 = mul nsw i32 %sub, 10
  %add = add nsw i32 %mul3, 10
  br label %end
  Constant: i32 100 =   %e.0 = phi i32 [ undef, %label_5 ], [ undef, %label_4 ], [ 100, %label_3 ]
  Constant: i32 1100 =   %add4 = add nsw i32 1000, 100
  Constant: i32 1200 =   %add5 = add nsw i32 1100, 100
  Constant: i1 true =   %cmp = icmp sge i32 1200, 100
  Constant: i32 879 =   %add6 = add nsw i32 100, 779
  BasicBlock Dead:
if.else:                                          ; preds = %end
  %add7 = add nsw i32 100, 543
  br label %if.end
  Constant: i32 879 =   %a.0 = phi i32 [ 879, %if.then ], [ undef, %if.else ]
  Constant: i32 880 =   %add8 = add nsw i32 879, 1
SCCP on function '_GLOBAL__sub_I_test.cpp'
Marking Block Executable: entry

Popped off BBWL: 
entry:
  call void @__cxx_global_var_init()
  ret void

RESOLVING UNDEFs
===-------------------------------------------------------------------------===
                      ... Pass execution timing report ...
===-------------------------------------------------------------------------===
  Total Execution Time: 0.0072 seconds (0.0072 wall clock)

   ---User Time---   --System Time--   --User+System--   ---Wall Time---  --- Name ---
   0.0046 ( 70.0%)   0.0005 ( 97.2%)   0.0052 ( 72.1%)   0.0052 ( 72.1%)  SCCPPass
   0.0007 ( 11.2%)   0.0000 (  0.0%)   0.0007 ( 10.3%)   0.0007 ( 10.3%)  VerifierPass
   0.0007 ( 10.7%)   0.0000 (  0.0%)   0.0007 (  9.9%)   0.0007 (  9.9%)  VerifierAnalysis
   0.0005 (  7.0%)   0.0000 (  0.0%)   0.0005 (  6.5%)   0.0005 (  6.5%)  PrintModulePass
   0.0000 (  0.7%)   0.0000 (  2.3%)   0.0001 (  0.9%)   0.0001 (  0.9%)  PreservedCFGCheckerAnalysis
   0.0000 (  0.3%)   0.0000 (  0.5%)   0.0000 (  0.3%)   0.0000 (  0.3%)  TargetLibraryAnalysis
   0.0066 (100.0%)   0.0006 (100.0%)   0.0072 (100.0%)   0.0072 (100.0%)  Total

===-------------------------------------------------------------------------===
                                LLVM IR Parsing
===-------------------------------------------------------------------------===
  Total Execution Time: 0.0026 seconds (0.0026 wall clock)

   ---User Time---   --User+System--   ---Wall Time---  --- Name ---
   0.0026 (100.0%)   0.0026 (100.0%)   0.0026 (100.0%)  Parse IR
   0.0026 (100.0%)   0.0026 (100.0%)   0.0026 (100.0%)  Total

