Basic Blocks in Topological order: entry for.body cleanup5 
entry -> for.body
entry -> cleanup5
entry -> for.body = 3
entry -> cleanup5 = 2
for.body -> entry = -3
for.body -> cleanup5 = -1
cleanup5 -> entry = -2
cleanup5 -> for.body = 1
entry for.body 3 false
entry cleanup5 2 false
entry for.body 3 false
for.body cleanup5 -1 true
for.body cleanup5 -1 true
cleanup5 entry -2 false
===-------------------------------------------------------------------------===
                      ... Pass execution timing report ...
===-------------------------------------------------------------------------===
  Total Execution Time: 0.0010 seconds (0.0010 wall clock)

   --System Time--   --User+System--   ---Wall Time---  --- Name ---
   0.0004 ( 42.7%)   0.0004 ( 42.7%)   0.0004 ( 42.7%)  BallLarusProfilerPass
   0.0002 ( 24.7%)   0.0002 ( 24.7%)   0.0002 ( 24.7%)  PrintModulePass
   0.0002 ( 16.4%)   0.0002 ( 16.4%)   0.0002 ( 16.4%)  VerifierPass
   0.0001 ( 15.1%)   0.0001 ( 15.1%)   0.0001 ( 15.0%)  VerifierAnalysis
   0.0000 (  0.8%)   0.0000 (  0.8%)   0.0000 (  0.9%)  PreservedCFGCheckerAnalysis
   0.0000 (  0.3%)   0.0000 (  0.3%)   0.0000 (  0.4%)  UnifyFunctionExitNodesPass
   0.0010 (100.0%)   0.0010 (100.0%)   0.0010 (100.0%)  Total

===-------------------------------------------------------------------------===
                                LLVM IR Parsing
===-------------------------------------------------------------------------===
  Total Execution Time: 0.0006 seconds (0.0006 wall clock)

   --System Time--   --User+System--   ---Wall Time---  --- Name ---
   0.0006 (100.0%)   0.0006 (100.0%)   0.0006 (100.0%)  Parse IR
   0.0006 (100.0%)   0.0006 (100.0%)   0.0006 (100.0%)  Total

